{
  "stats": {
    "suites": 1,
    "tests": 10,
    "passes": 10,
    "pending": 0,
    "failures": 0,
    "start": "2018-04-17T18:58:33.903Z",
    "end": "2018-04-17T18:58:50.426Z",
    "duration": 16523,
    "testsRegistered": 10,
    "passPercent": 100,
    "pendingPercent": 0,
    "other": 0,
    "hasOther": false,
    "skipped": 0,
    "hasSkipped": false,
    "passPercentClass": "success",
    "pendingPercentClass": "danger"
  },
  "suites": {
    "uuid": "8e914a5f-04b4-4164-9951-089246fd7a33",
    "title": "",
    "fullFile": "",
    "file": "",
    "beforeHooks": [],
    "afterHooks": [],
    "tests": [],
    "suites": [
      {
        "uuid": "9faf66a0-f645-4b43-967a-0782787f4f41",
        "title": "Sign up workflow tests",
        "fullFile": "D:\\MS\\e2e-testing-hive\\test\\sign_up_flow_test.js",
        "file": "\\test\\sign_up_flow_test.js",
        "beforeHooks": [
          {
            "title": "\"before all\" hook",
            "fullTitle": "Sign up workflow tests \"before all\" hook",
            "timedOut": false,
            "duration": 141,
            "pass": false,
            "fail": false,
            "pending": false,
            "code": "test_driver = new TestDriver();\ntest_driver.loadSelectors();",
            "err": {},
            "isRoot": false,
            "uuid": "b729058a-d952-4a6c-a4db-4e336dc0e7ec",
            "isHook": true,
            "skipped": false
          }
        ],
        "afterHooks": [
          {
            "title": "\"after all\" hook",
            "fullTitle": "Sign up workflow tests \"after all\" hook",
            "timedOut": false,
            "duration": 164,
            "pass": false,
            "fail": false,
            "pending": false,
            "code": "await test_driver.close();\nconsole.log(\"chrome driver closed successfully...\");",
            "err": {},
            "isRoot": false,
            "uuid": "ad2097c0-6a92-479e-a54a-f2443241748f",
            "isHook": true,
            "skipped": false
          }
        ],
        "tests": [
          {
            "title": "loads the signin page",
            "fullTitle": "Sign up workflow tests loads the signin page",
            "timedOut": false,
            "duration": 4884,
            "state": "passed",
            "speed": "slow",
            "pass": true,
            "fail": false,
            "pending": false,
            "code": "await test_driver.loadPage();\nvar page_title = await test_driver.getPageTitle();\nassert.strictEqual(page_title, \"Hive: Home for busy teams\", \"page title does not match\");",
            "err": {},
            "isRoot": false,
            "uuid": "229d5b88-d668-45cd-aa2e-2eb62f7573e8",
            "isHook": false,
            "skipped": false
          },
          {
            "title": "loads the join hive page",
            "fullTitle": "Sign up workflow tests loads the join hive page",
            "timedOut": false,
            "duration": 809,
            "state": "passed",
            "speed": "slow",
            "pass": true,
            "fail": false,
            "pending": false,
            "code": "var url = await test_driver.openJoinPage();\nassert.strictEqual(url, \"https://staging.hive.com/join\", \"join hive url does not match\");",
            "err": {},
            "isRoot": false,
            "uuid": "a73adbce-ea01-49ee-8326-7c830c571908",
            "isHook": false,
            "skipped": false
          },
          {
            "title": "loads onboarding info page",
            "fullTitle": "Sign up workflow tests loads onboarding info page",
            "timedOut": false,
            "duration": 1493,
            "state": "passed",
            "speed": "slow",
            "pass": true,
            "fail": false,
            "pending": false,
            "code": "var onboarding_header = await test_driver.openOnBoardingInfoCard();\nassert.strictEqual(onboarding_header, \"Tell us about yourself\", \"onboarding header text does not match\");",
            "err": {},
            "isRoot": false,
            "uuid": "8cbd6fd0-4026-4849-915e-d567369efa84",
            "isHook": false,
            "skipped": false
          },
          {
            "title": "checks form submission with incorrect email",
            "fullTitle": "Sign up workflow tests checks form submission with incorrect email",
            "timedOut": false,
            "duration": 956,
            "state": "passed",
            "speed": "slow",
            "pass": true,
            "fail": false,
            "pending": false,
            "code": "var attr_value = await test_driver.fillIncorrectEmail();\nassert.strictEqual(attr_value, \"input__field not-empty\", \"email field error did not occur\");",
            "err": {},
            "isRoot": false,
            "uuid": "54c6742f-3c02-4809-9643-920aa89bdb5d",
            "isHook": false,
            "skipped": false
          },
          {
            "title": "loads create a workspace card",
            "fullTitle": "Sign up workflow tests loads create a workspace card",
            "timedOut": false,
            "duration": 2396,
            "state": "passed",
            "speed": "slow",
            "pass": true,
            "fail": false,
            "pending": false,
            "code": "var create_workspace_card_header = await test_driver.loadWorspaceInfoCard();\nassert.strictEqual(create_workspace_card_header, \"Create a workspace\", \"onboarding header text does not match\");",
            "err": {},
            "isRoot": false,
            "uuid": "644a4c8f-7ee4-4e50-a074-a26c812fb5ff",
            "isHook": false,
            "skipped": false
          },
          {
            "title": "checks workspace creation without organization name",
            "fullTitle": "Sign up workflow tests checks workspace creation without organization name",
            "timedOut": false,
            "duration": 132,
            "state": "passed",
            "speed": "slow",
            "pass": true,
            "fail": false,
            "pending": false,
            "code": "var is_element_visible = await test_driver.continueWithoutOrgName();\nassert.strictEqual(is_element_visible, \"true\", \"able to create workspace without organization name\");",
            "err": {},
            "isRoot": false,
            "uuid": "398c7837-c8e2-48cb-a999-2bc0484a684a",
            "isHook": false,
            "skipped": false
          },
          {
            "title": "creates workspace",
            "fullTitle": "Sign up workflow tests creates workspace",
            "timedOut": false,
            "duration": 1253,
            "state": "passed",
            "speed": "slow",
            "pass": true,
            "fail": false,
            "pending": false,
            "code": "var sample_task_header = await test_driver.createWorkspace();\nassert.strictEqual(sample_task_header, \"What do you need to do today?\", \"workspace not created\");",
            "err": {},
            "isRoot": false,
            "uuid": "e9c171c5-f3d3-464e-9c7c-701316dbce75",
            "isHook": false,
            "skipped": false
          },
          {
            "title": "loads coworker info card",
            "fullTitle": "Sign up workflow tests loads coworker info card",
            "timedOut": false,
            "duration": 685,
            "state": "passed",
            "speed": "slow",
            "pass": true,
            "fail": false,
            "pending": false,
            "code": "var coworker_card_header = await test_driver.loadCoworkerInfoCard();\nassert.strictEqual(coworker_card_header, \"Hive is better with coworkers\", \"workspace not created\");",
            "err": {},
            "isRoot": false,
            "uuid": "57f19020-e131-444d-a492-b8ea4af9dceb",
            "isHook": false,
            "skipped": false
          },
          {
            "title": "adds 1 coworker to the workspace",
            "fullTitle": "Sign up workflow tests adds 1 coworker to the workspace",
            "timedOut": false,
            "duration": 1119,
            "state": "passed",
            "speed": "slow",
            "pass": true,
            "fail": false,
            "pending": false,
            "code": "var file_storage_card_header = await test_driver.addCoworker();\nassert.strictEqual(file_storage_card_header, \"Connect your file storage\", \"unable to add coworker successfully\");",
            "err": {},
            "isRoot": false,
            "uuid": "80af7003-f6c0-4283-a9a4-6a0d8cda3580",
            "isHook": false,
            "skipped": false
          },
          {
            "title": "checks workspace dashboad",
            "fullTitle": "Sign up workflow tests checks workspace dashboad",
            "timedOut": false,
            "duration": 2456,
            "state": "passed",
            "speed": "slow",
            "pass": true,
            "fail": false,
            "pending": false,
            "code": "var workspace_header = await test_driver.completeSignUp();\nassert.strictEqual(workspace_header, \"Welcome to Hive\", \"sign up incomplete as the welcome message is incorrect\");",
            "err": {},
            "isRoot": false,
            "uuid": "19ad6d18-6395-4824-8b7d-fff465876389",
            "isHook": false,
            "skipped": false
          }
        ],
        "suites": [],
        "passes": [
          "229d5b88-d668-45cd-aa2e-2eb62f7573e8",
          "a73adbce-ea01-49ee-8326-7c830c571908",
          "8cbd6fd0-4026-4849-915e-d567369efa84",
          "54c6742f-3c02-4809-9643-920aa89bdb5d",
          "644a4c8f-7ee4-4e50-a074-a26c812fb5ff",
          "398c7837-c8e2-48cb-a999-2bc0484a684a",
          "e9c171c5-f3d3-464e-9c7c-701316dbce75",
          "57f19020-e131-444d-a492-b8ea4af9dceb",
          "80af7003-f6c0-4283-a9a4-6a0d8cda3580",
          "19ad6d18-6395-4824-8b7d-fff465876389"
        ],
        "failures": [],
        "pending": [],
        "skipped": [],
        "duration": 16183,
        "root": false,
        "rootEmpty": false,
        "_timeout": 999999
      }
    ],
    "passes": [],
    "failures": [],
    "pending": [],
    "skipped": [],
    "duration": 0,
    "root": true,
    "rootEmpty": true,
    "_timeout": 999999
  },
  "copyrightYear": 2018
}