{
  "stats": {
    "suites": 1,
    "tests": 12,
    "passes": 12,
    "pending": 0,
    "failures": 0,
    "start": "2018-04-17T20:12:38.725Z",
    "end": "2018-04-17T20:12:58.125Z",
    "duration": 19400,
    "testsRegistered": 12,
    "passPercent": 100,
    "pendingPercent": 0,
    "other": 0,
    "hasOther": false,
    "skipped": 0,
    "hasSkipped": false,
    "passPercentClass": "success",
    "pendingPercentClass": "danger"
  },
  "suites": {
    "uuid": "7f219170-842c-4acd-8da7-a76b79911627",
    "title": "",
    "fullFile": "",
    "file": "",
    "beforeHooks": [],
    "afterHooks": [],
    "tests": [],
    "suites": [
      {
        "uuid": "b52ceee1-4314-446b-bb6e-cbd4ae8a1eb4",
        "title": "Sign up workflow tests",
        "fullFile": "D:\\MS\\e2e-testing-hive\\test\\sign_up_flow_test.js",
        "file": "D:\\MS\\e2e-testing-hive\\test\\sign_up_flow_test.js",
        "beforeHooks": [
          {
            "title": "\"before all\" hook",
            "fullTitle": "Sign up workflow tests \"before all\" hook",
            "timedOut": false,
            "duration": 371,
            "pass": false,
            "fail": false,
            "pending": false,
            "code": "test_driver = new TestDriver();\ntest_driver.loadSelectors();",
            "err": {},
            "isRoot": false,
            "uuid": "dca949de-becf-4f1f-b125-06cfe1bf9875",
            "isHook": true,
            "skipped": false
          }
        ],
        "afterHooks": [
          {
            "title": "\"after all\" hook",
            "fullTitle": "Sign up workflow tests \"after all\" hook",
            "timedOut": false,
            "duration": 139,
            "pass": false,
            "fail": false,
            "pending": false,
            "code": "await test_driver.close();\nconsole.log(\"chrome driver closed successfully...\");",
            "err": {},
            "isRoot": false,
            "uuid": "1cf5e5b4-1515-4bcd-881a-5d90e046a1ec",
            "isHook": true,
            "skipped": false
          }
        ],
        "tests": [
          {
            "title": "loads the signin page",
            "fullTitle": "Sign up workflow tests loads the signin page",
            "timedOut": false,
            "duration": 5536,
            "state": "passed",
            "speed": "slow",
            "pass": true,
            "fail": false,
            "pending": false,
            "code": "await test_driver.loadPage();\nvar page_title = await test_driver.getPageTitle();\nassert.strictEqual(page_title, \"Hive: Home for busy teams\", \"page title does not match\");",
            "err": {},
            "isRoot": false,
            "uuid": "27607d0a-17c4-431d-9dbd-64f2701013a8",
            "isHook": false,
            "skipped": false
          },
          {
            "title": "loads the join hive page",
            "fullTitle": "Sign up workflow tests loads the join hive page",
            "timedOut": false,
            "duration": 658,
            "state": "passed",
            "speed": "slow",
            "pass": true,
            "fail": false,
            "pending": false,
            "code": "var url = await test_driver.openJoinPage();\nassert.strictEqual(url, \"https://staging.hive.com/join\", \"join hive url does not match\");",
            "err": {},
            "isRoot": false,
            "uuid": "1206aa4b-8a85-4d3f-9be4-5c0d998a64cd",
            "isHook": false,
            "skipped": false
          },
          {
            "title": "loads onboarding info page",
            "fullTitle": "Sign up workflow tests loads onboarding info page",
            "timedOut": false,
            "duration": 1165,
            "state": "passed",
            "speed": "slow",
            "pass": true,
            "fail": false,
            "pending": false,
            "code": "var onboarding_header = await test_driver.openOnBoardingInfoCard();\nassert.strictEqual(onboarding_header, \"Tell us about yourself\", \"onboarding header text does not match\");",
            "err": {},
            "isRoot": false,
            "uuid": "13b0d136-f428-4122-879a-f81545d8d046",
            "isHook": false,
            "skipped": false
          },
          {
            "title": "checks form submission without user info (first name, last name, phone)",
            "fullTitle": "Sign up workflow tests checks form submission without user info (first name, last name, phone)",
            "timedOut": false,
            "duration": 877,
            "state": "passed",
            "speed": "slow",
            "pass": true,
            "fail": false,
            "pending": false,
            "code": "var is_submit_form_disabled = await test_driver.formSubmissionWithoutUserInfo();\nassert.strictEqual(is_submit_form_disabled, \"hv btn btn-primary ladda-button disabled\", \"able to create workspace without user info\");",
            "err": {},
            "isRoot": false,
            "uuid": "04e26598-a736-4e88-a241-d524135eb968",
            "isHook": false,
            "skipped": false
          },
          {
            "title": "checks form submission with incorrect email",
            "fullTitle": "Sign up workflow tests checks form submission with incorrect email",
            "timedOut": false,
            "duration": 995,
            "state": "passed",
            "speed": "slow",
            "pass": true,
            "fail": false,
            "pending": false,
            "code": "var attr_value = await test_driver.fillIncorrectEmail();\nassert.strictEqual(attr_value, \"input__field not-empty\", \"email field error did not occur\");",
            "err": {},
            "isRoot": false,
            "uuid": "5e310737-8068-45be-8e67-748dfed12cc6",
            "isHook": false,
            "skipped": false
          },
          {
            "title": "checks password length",
            "fullTitle": "Sign up workflow tests checks password length",
            "timedOut": false,
            "duration": 687,
            "state": "passed",
            "speed": "slow",
            "pass": true,
            "fail": false,
            "pending": false,
            "code": "var password_field_class = await test_driver.fillIncorrectPassword();\nassert.strictEqual(password_field_class, \"input__field not-empty\", \"password < 6, yet error did not occur\");",
            "err": {},
            "isRoot": false,
            "uuid": "91ec2b4d-8cae-4e02-8c40-7c9c81a8a862",
            "isHook": false,
            "skipped": false
          },
          {
            "title": "loads create a workspace card",
            "fullTitle": "Sign up workflow tests loads create a workspace card",
            "timedOut": false,
            "duration": 2515,
            "state": "passed",
            "speed": "slow",
            "pass": true,
            "fail": false,
            "pending": false,
            "code": "var create_workspace_card_header = await test_driver.loadWorspaceInfoCard();\nassert.strictEqual(create_workspace_card_header, \"Create a workspace\", \"onboarding header text does not match\");",
            "err": {},
            "isRoot": false,
            "uuid": "095d4986-1dfa-4c29-a477-19124271a051",
            "isHook": false,
            "skipped": false
          },
          {
            "title": "checks workspace creation without organization name",
            "fullTitle": "Sign up workflow tests checks workspace creation without organization name",
            "timedOut": false,
            "duration": 168,
            "state": "passed",
            "speed": "slow",
            "pass": true,
            "fail": false,
            "pending": false,
            "code": "var is_element_visible = await test_driver.continueWithoutOrgName();\nassert.strictEqual(is_element_visible, \"true\", \"able to create workspace without organization name\");",
            "err": {},
            "isRoot": false,
            "uuid": "a99ee761-09e1-4051-9acc-d5cc4cd8dc52",
            "isHook": false,
            "skipped": false
          },
          {
            "title": "creates workspace",
            "fullTitle": "Sign up workflow tests creates workspace",
            "timedOut": false,
            "duration": 1438,
            "state": "passed",
            "speed": "slow",
            "pass": true,
            "fail": false,
            "pending": false,
            "code": "var sample_task_header = await test_driver.createWorkspace();\nassert.strictEqual(sample_task_header, \"What do you need to do today?\", \"workspace not created\");",
            "err": {},
            "isRoot": false,
            "uuid": "79b217d4-8eec-4f7a-a037-ad4b19df0f37",
            "isHook": false,
            "skipped": false
          },
          {
            "title": "loads coworker info card",
            "fullTitle": "Sign up workflow tests loads coworker info card",
            "timedOut": false,
            "duration": 577,
            "state": "passed",
            "speed": "slow",
            "pass": true,
            "fail": false,
            "pending": false,
            "code": "var coworker_card_header = await test_driver.loadCoworkerInfoCard();\nassert.strictEqual(coworker_card_header, \"Hive is better with coworkers\", \"workspace not created\");",
            "err": {},
            "isRoot": false,
            "uuid": "3b8596dd-db65-456f-a46b-5c3218e884cc",
            "isHook": false,
            "skipped": false
          },
          {
            "title": "adds 1 coworker to the workspace",
            "fullTitle": "Sign up workflow tests adds 1 coworker to the workspace",
            "timedOut": false,
            "duration": 1621,
            "state": "passed",
            "speed": "slow",
            "pass": true,
            "fail": false,
            "pending": false,
            "code": "var file_storage_card_header = await test_driver.addCoworker();\nassert.strictEqual(file_storage_card_header, \"Connect your file storage\", \"unable to add coworker successfully\");",
            "err": {},
            "isRoot": false,
            "uuid": "2179edb6-19f9-4f78-a0c1-e2ab87b3b302",
            "isHook": false,
            "skipped": false
          },
          {
            "title": "checks workspace dashboad",
            "fullTitle": "Sign up workflow tests checks workspace dashboad",
            "timedOut": false,
            "duration": 2593,
            "state": "passed",
            "speed": "slow",
            "pass": true,
            "fail": false,
            "pending": false,
            "code": "var workspace_header = await test_driver.completeSignUp();\nassert.strictEqual(workspace_header, \"Welcome to Hive\", \"sign up incomplete as the welcome message is incorrect\");",
            "err": {},
            "isRoot": false,
            "uuid": "3f4605f0-d671-4bdc-bf63-8358e1c42c60",
            "isHook": false,
            "skipped": false
          }
        ],
        "suites": [],
        "passes": [
          "27607d0a-17c4-431d-9dbd-64f2701013a8",
          "1206aa4b-8a85-4d3f-9be4-5c0d998a64cd",
          "13b0d136-f428-4122-879a-f81545d8d046",
          "04e26598-a736-4e88-a241-d524135eb968",
          "5e310737-8068-45be-8e67-748dfed12cc6",
          "91ec2b4d-8cae-4e02-8c40-7c9c81a8a862",
          "095d4986-1dfa-4c29-a477-19124271a051",
          "a99ee761-09e1-4051-9acc-d5cc4cd8dc52",
          "79b217d4-8eec-4f7a-a037-ad4b19df0f37",
          "3b8596dd-db65-456f-a46b-5c3218e884cc",
          "2179edb6-19f9-4f78-a0c1-e2ab87b3b302",
          "3f4605f0-d671-4bdc-bf63-8358e1c42c60"
        ],
        "failures": [],
        "pending": [],
        "skipped": [],
        "duration": 18830,
        "root": false,
        "rootEmpty": false,
        "_timeout": 999999
      }
    ],
    "passes": [],
    "failures": [],
    "pending": [],
    "skipped": [],
    "duration": 0,
    "root": true,
    "rootEmpty": true,
    "_timeout": 999999
  },
  "copyrightYear": 2018
}